<?xml version="1.0" encoding="UTF-8"?>
<!-- Generated by org.testng.reporters.JUnitReportReporter -->
<testsuite hostname="TestingWorld-PC" name="testing.A1" tests="1" failures="0" timestamp="15 Apr 2017 08:43:19 GMT" time="9.996" errors="0">
  <testcase name="case1" time="9.996" classname="testing.A1"/>
</testsuite> <!-- testing.A1 -->
